<?xml version="1.0" encoding="UTF-8"?>
<!-- Generated by org.testng.reporters.JUnitXMLReporter -->
<testsuite hostname="DESKTOP-U4AIFJ1" ignored="1" name="Default test" tests="1" failures="0" timestamp="06 Jan 2019 12:45:20 GMT" time="27.233" errors="0">
  <testcase name="allquestions" time="20.237" classname="com.nttdata.regression.RegressionTest"/>
  <testcase name="TC_002_LangauageAlret" time="0.0" classname="com.nttdata.regression.RegressionTest">
    <ignored/>
  </testcase> <!-- TC_002_LangauageAlret -->
</testsuite> <!-- Default test -->
