<?xml version="1.0" encoding="UTF-8"?>
<testng-results skipped="0" failed="0" ignored="0" total="2" passed="2">
  <reporter-output>
  </reporter-output>
  <suite name="Default suite" duration-ms="36939" started-at="2019-01-05T09:17:52Z" finished-at="2019-01-05T09:18:29Z">
    <groups>
    </groups>
    <test name="Default test" duration-ms="36939" started-at="2019-01-05T09:17:52Z" finished-at="2019-01-05T09:18:29Z">
      <class name="testing.test">
        <test-method status="PASS" signature="browserLaunch()[pri:0, instance:testing.test@7dc7cbad]" name="browserLaunch" is-config="true" duration-ms="4149" started-at="2019-01-05T09:17:52Z" finished-at="2019-01-05T09:17:56Z">
          <reporter-output>
          </reporter-output>
        </test-method> <!-- browserLaunch -->
        <test-method status="PASS" signature="allquestions()[pri:-1, instance:testing.test@7dc7cbad]" name="allquestions" duration-ms="15298" started-at="2019-01-05T09:17:56Z" finished-at="2019-01-05T09:18:11Z">
          <reporter-output>
          </reporter-output>
        </test-method> <!-- allquestions -->
        <test-method status="PASS" signature="closebrowser()[pri:0, instance:testing.test@7dc7cbad]" name="closebrowser" is-config="true" duration-ms="967" started-at="2019-01-05T09:18:11Z" finished-at="2019-01-05T09:18:12Z">
          <reporter-output>
          </reporter-output>
        </test-method> <!-- closebrowser -->
        <test-method status="PASS" signature="browserLaunch()[pri:0, instance:testing.test@7dc7cbad]" name="browserLaunch" is-config="true" duration-ms="2792" started-at="2019-01-05T09:18:12Z" finished-at="2019-01-05T09:18:15Z">
          <reporter-output>
          </reporter-output>
        </test-method> <!-- browserLaunch -->
        <test-method status="PASS" signature="TC_002_LangauageAlret()[pri:0, instance:testing.test@7dc7cbad]" name="TC_002_LangauageAlret" duration-ms="12637" started-at="2019-01-05T09:18:15Z" finished-at="2019-01-05T09:18:28Z">
          <reporter-output>
          </reporter-output>
        </test-method> <!-- TC_002_LangauageAlret -->
        <test-method status="PASS" signature="closebrowser()[pri:0, instance:testing.test@7dc7cbad]" name="closebrowser" is-config="true" duration-ms="1066" started-at="2019-01-05T09:18:28Z" finished-at="2019-01-05T09:18:29Z">
          <reporter-output>
          </reporter-output>
        </test-method> <!-- closebrowser -->
      </class> <!-- testing.test -->
    </test> <!-- Default test -->
  </suite> <!-- Default suite -->
</testng-results>
